[debug] [2022-06-12T23:02:44.978Z] ----------------------------------------------------------------------
[debug] [2022-06-12T23:02:44.981Z] Command:       /home/srmourao/.nvm/versions/node/v17.6.0/bin/node /home/srmourao/.nvm/versions/node/v17.6.0/bin/firebase init
[debug] [2022-06-12T23:02:44.982Z] CLI Version:   11.0.1
[debug] [2022-06-12T23:02:44.982Z] Platform:      linux
[debug] [2022-06-12T23:02:44.982Z] Node Version:  v17.6.0
[debug] [2022-06-12T23:02:44.983Z] Time:          Sun Jun 12 2022 20:02:44 GMT-0300 (Brasilia Standard Time)
[debug] [2022-06-12T23:02:44.983Z] ----------------------------------------------------------------------
[debug] 
[debug] [2022-06-12T23:02:44.996Z] >>> [apiv2][query] GET https://firebase-public.firebaseio.com/cli.json [none]
[debug] [2022-06-12T23:02:45.192Z] > command requires scopes: ["email","openid","https://www.googleapis.com/auth/cloudplatformprojects.readonly","https://www.googleapis.com/auth/firebase","https://www.googleapis.com/auth/cloud-platform"]
[debug] [2022-06-12T23:02:45.193Z] > authorizing via signed-in user (felipemourao6124@gmail.com)
[info] 
     ######## #### ########  ######## ########     ###     ######  ########
     ##        ##  ##     ## ##       ##     ##  ##   ##  ##       ##
     ######    ##  ########  ######   ########  #########  ######  ######
     ##        ##  ##    ##  ##       ##     ## ##     ##       ## ##
     ##       #### ##     ## ######## ########  ##     ##  ######  ########

You're about to initialize a Firebase project in this directory:

  /mnt/d/VueJs/pokedex-vue

Before we get started, keep in mind:

  * You are currently outside your home directory
  * You are initializing within an existing Firebase project directory

[debug] [2022-06-12T23:02:45.998Z] <<< [apiv2][status] GET https://firebase-public.firebaseio.com/cli.json 200
[debug] [2022-06-12T23:02:45.998Z] <<< [apiv2][body] GET https://firebase-public.firebaseio.com/cli.json {"cloudBuildErrorAfter":1594252800000,"cloudBuildWarnAfter":1590019200000,"defaultNode10After":1594252800000,"minVersion":"3.0.5","node8DeploysDisabledAfter":1613390400000,"node8RuntimeDisabledAfter":1615809600000,"node8WarnAfter":1600128000000}
